2021-05-31 23:12:03.748  INFO [vstreem,,] 24284 --- [  restartedMain] com.arraigntech.AuthServerApplication    : Starting AuthServerApplication using Java 15.0.1 on DESKTOP-RSB7OUJ with PID 24284 (E:\vstreem\vstreem-backend\target\classes started by admin in E:\vstreem\vstreem-backend)
2021-05-31 23:12:03.753 DEBUG [vstreem,,] 24284 --- [  restartedMain] com.arraigntech.AuthServerApplication    : Running with Spring Boot v2.5.0, Spring v5.3.7
2021-05-31 23:12:03.753  INFO [vstreem,,] 24284 --- [  restartedMain] com.arraigntech.AuthServerApplication    : No active profile set, falling back to default profiles: default
2021-05-31 23:12:04.189  INFO [vstreem,,] 24284 --- [  restartedMain] o.s.b.devtools.restart.ChangeableUrls    : The Class-Path manifest attribute in C:\Users\admin\.m2\repository\com\sun\xml\bind\jaxb-core\2.3.0.1\jaxb-core-2.3.0.1.jar referenced one or more files that do not exist: file:/C:/Users/admin/.m2/repository/com/sun/xml/bind/jaxb-core/2.3.0.1/jaxb-api.jar
2021-05-31 23:12:04.189  INFO [vstreem,,] 24284 --- [  restartedMain] o.s.b.devtools.restart.ChangeableUrls    : The Class-Path manifest attribute in C:\Users\admin\.m2\repository\com\sun\xml\bind\jaxb-impl\2.3.0.1\jaxb-impl-2.3.0.1.jar referenced one or more files that do not exist: file:/C:/Users/admin/.m2/repository/com/sun/xml/bind/jaxb-impl/2.3.0.1/jaxb-core.jar
2021-05-31 23:12:04.190  INFO [vstreem,,] 24284 --- [  restartedMain] .e.DevToolsPropertyDefaultsPostProcessor : Devtools property defaults active! Set 'spring.devtools.add-properties' to 'false' to disable
2021-05-31 23:12:04.190  INFO [vstreem,,] 24284 --- [  restartedMain] .e.DevToolsPropertyDefaultsPostProcessor : For additional web related logging consider setting the 'logging.level.web' property to 'DEBUG'
2021-05-31 23:12:04.507  WARN [vstreem,,] 24284 --- [kground-preinit] o.s.h.c.j.Jackson2ObjectMapperBuilder    : For Jackson Kotlin classes support please add "com.fasterxml.jackson.module:jackson-module-kotlin" to the classpath
2021-05-31 23:12:06.594  INFO [vstreem,,] 24284 --- [  restartedMain] .s.d.r.c.RepositoryConfigurationDelegate : Multiple Spring Data modules found, entering strict repository configuration mode!
2021-05-31 23:12:06.595  INFO [vstreem,,] 24284 --- [  restartedMain] .s.d.r.c.RepositoryConfigurationDelegate : Bootstrapping Spring Data MongoDB repositories in DEFAULT mode.
2021-05-31 23:12:06.682  INFO [vstreem,,] 24284 --- [  restartedMain] .s.d.r.c.RepositoryConfigurationDelegate : Finished Spring Data repository scanning in 78 ms. Found 3 MongoDB repository interfaces.
2021-05-31 23:12:06.685  INFO [vstreem,,] 24284 --- [  restartedMain] .s.d.r.c.RepositoryConfigurationDelegate : Multiple Spring Data modules found, entering strict repository configuration mode!
2021-05-31 23:12:06.685  INFO [vstreem,,] 24284 --- [  restartedMain] .s.d.r.c.RepositoryConfigurationDelegate : Bootstrapping Spring Data JPA repositories in DEFAULT mode.
2021-05-31 23:12:06.772  INFO [vstreem,,] 24284 --- [  restartedMain] .s.d.r.c.RepositoryConfigurationDelegate : Finished Spring Data repository scanning in 80 ms. Found 9 JPA repository interfaces.
2021-05-31 23:12:08.414  INFO [vstreem,,] 24284 --- [  restartedMain] o.s.cloud.context.scope.GenericScope     : BeanFactory id=1d7344a8-4195-39c7-8bf7-d2624f51c916
2021-05-31 23:12:09.175  INFO [vstreem,,] 24284 --- [  restartedMain] trationDelegate$BeanPostProcessorChecker : Bean 'org.springframework.security.access.expression.method.DefaultMethodSecurityExpressionHandler@962be99' of type [org.springframework.security.oauth2.provider.expression.OAuth2MethodSecurityExpressionHandler] is not eligible for getting processed by all BeanPostProcessors (for example: not eligible for auto-proxying)
2021-05-31 23:12:09.200  INFO [vstreem,,] 24284 --- [  restartedMain] trationDelegate$BeanPostProcessorChecker : Bean 'methodSecurityMetadataSource' of type [org.springframework.security.access.method.DelegatingMethodSecurityMetadataSource] is not eligible for getting processed by all BeanPostProcessors (for example: not eligible for auto-proxying)
2021-05-31 23:12:10.760  INFO [vstreem,,] 24284 --- [  restartedMain] o.s.b.w.embedded.tomcat.TomcatWebServer  : Tomcat initialized with port(s): 8080 (http)
2021-05-31 23:12:10.782  INFO [vstreem,,] 24284 --- [  restartedMain] o.apache.catalina.core.StandardService   : Starting service [Tomcat]
2021-05-31 23:12:10.783  INFO [vstreem,,] 24284 --- [  restartedMain] org.apache.catalina.core.StandardEngine  : Starting Servlet engine: [Apache Tomcat/9.0.46]
2021-05-31 23:12:11.025  INFO [vstreem,,] 24284 --- [  restartedMain] o.a.c.c.C.[Tomcat].[localhost].[/]       : Initializing Spring embedded WebApplicationContext
2021-05-31 23:12:11.026  INFO [vstreem,,] 24284 --- [  restartedMain] w.s.c.ServletWebServerApplicationContext : Root WebApplicationContext: initialization completed in 6835 ms
2021-05-31 23:12:11.575 DEBUG [vstreem,,] 24284 --- [  restartedMain] com.arraigntech.config.TraccerFilter     : Filter 'traccerFilter' configured for use
2021-05-31 23:12:11.575 DEBUG [vstreem,,] 24284 --- [  restartedMain] o.springframework.web.filter.CorsFilter  : Filter 'corsFilter' configured for use
2021-05-31 23:12:12.592  INFO [vstreem,,] 24284 --- [  restartedMain] com.zaxxer.hikari.HikariDataSource       : HikariPool-1 - Starting...
2021-05-31 23:12:12.949  INFO [vstreem,,] 24284 --- [  restartedMain] com.zaxxer.hikari.HikariDataSource       : HikariPool-1 - Start completed.
2021-05-31 23:12:16.459  INFO [vstreem,,] 24284 --- [  restartedMain] j.LocalContainerEntityManagerFactoryBean : Initialized JPA EntityManagerFactory for persistence unit 'default'
2021-05-31 23:12:17.600  WARN [vstreem,,] 24284 --- [  restartedMain] o.s.s.o.p.t.s.JwtAccessTokenConverter    : Unable to create an RSA verifier from verifierKey (ignoreable if using MAC)
2021-05-31 23:12:19.297  INFO [vstreem,,] 24284 --- [  restartedMain] org.mongodb.driver.cluster               : Cluster created with settings {hosts=[localhost:27017], mode=SINGLE, requiredClusterType=UNKNOWN, serverSelectionTimeout='30000 ms'}
2021-05-31 23:12:19.447  INFO [vstreem,,] 24284 --- [localhost:27017] org.mongodb.driver.connection            : Opened connection [connectionId{localValue:1, serverValue:772}] to localhost:27017
2021-05-31 23:12:19.447  INFO [vstreem,,] 24284 --- [localhost:27017] org.mongodb.driver.cluster               : Monitor thread successfully connected to server with description ServerDescription{address=localhost:27017, type=STANDALONE, state=CONNECTED, ok=true, minWireVersion=0, maxWireVersion=9, maxDocumentSize=16777216, logicalSessionTimeoutMinutes=30, roundTripTimeNanos=51705600}
2021-05-31 23:12:19.459  INFO [vstreem,,] 24284 --- [localhost:27017] org.mongodb.driver.connection            : Opened connection [connectionId{localValue:2, serverValue:773}] to localhost:27017
2021-05-31 23:12:19.577  WARN [vstreem,,] 24284 --- [  restartedMain] o.s.data.convert.CustomConversions       : Registering converter from class java.time.LocalDateTime to class org.joda.time.LocalDateTime as reading converter although it doesn't convert from a store-supported type! You might want to check your annotation setup at the converter implementation.
2021-05-31 23:12:19.802  INFO [vstreem,,] 24284 --- [  restartedMain] o.s.b.d.a.OptionalLiveReloadServer       : LiveReload server is running on port 35729
2021-05-31 23:12:19.874  WARN [vstreem,,] 24284 --- [  restartedMain] o.s.data.convert.CustomConversions       : Registering converter from class java.time.LocalDateTime to class org.joda.time.LocalDateTime as reading converter although it doesn't convert from a store-supported type! You might want to check your annotation setup at the converter implementation.
2021-05-31 23:12:20.964 DEBUG [vstreem,,] 24284 --- [  restartedMain] s.w.s.m.m.a.RequestMappingHandlerMapping : 54 mappings in 'requestMappingHandlerMapping'
2021-05-31 23:12:21.355 DEBUG [vstreem,,] 24284 --- [  restartedMain] o.s.w.s.handler.SimpleUrlHandlerMapping  : Patterns [/images/**, /swagger-ui.html, /webjars/**] in 'resourceHandlerMapping'
2021-05-31 23:12:21.466 DEBUG [vstreem,,] 24284 --- [  restartedMain] s.w.s.m.m.a.RequestMappingHandlerAdapter : ControllerAdvice beans: 0 @ModelAttribute, 0 @InitBinder, 1 RequestBodyAdvice, 1 ResponseBodyAdvice
2021-05-31 23:12:21.555 DEBUG [vstreem,,] 24284 --- [  restartedMain] .m.m.a.ExceptionHandlerExceptionResolver : ControllerAdvice beans: 1 @ExceptionHandler, 1 ResponseBodyAdvice
2021-05-31 23:12:22.055  INFO [vstreem,,] 24284 --- [  restartedMain] o.s.s.web.DefaultSecurityFilterChain     : Will secure Ant [pattern='/v2/api-docs'] with []
2021-05-31 23:12:22.056  INFO [vstreem,,] 24284 --- [  restartedMain] o.s.s.web.DefaultSecurityFilterChain     : Will secure Ant [pattern='/configuration/ui'] with []
2021-05-31 23:12:22.056  INFO [vstreem,,] 24284 --- [  restartedMain] o.s.s.web.DefaultSecurityFilterChain     : Will secure Ant [pattern='/swagger-resources/**'] with []
2021-05-31 23:12:22.056  INFO [vstreem,,] 24284 --- [  restartedMain] o.s.s.web.DefaultSecurityFilterChain     : Will secure Ant [pattern='/configuration/security'] with []
2021-05-31 23:12:22.056  INFO [vstreem,,] 24284 --- [  restartedMain] o.s.s.web.DefaultSecurityFilterChain     : Will secure Ant [pattern='/swagger-ui.html'] with []
2021-05-31 23:12:22.057  INFO [vstreem,,] 24284 --- [  restartedMain] o.s.s.web.DefaultSecurityFilterChain     : Will secure Ant [pattern='/webjars/**'] with []
2021-05-31 23:12:22.181  INFO [vstreem,,] 24284 --- [  restartedMain] o.s.s.web.DefaultSecurityFilterChain     : Will secure Or [Ant [pattern='/oauth/token'], Ant [pattern='/oauth/token_key'], Ant [pattern='/oauth/check_token']] with [org.springframework.security.web.context.request.async.WebAsyncManagerIntegrationFilter@14083e2f, org.springframework.security.web.context.SecurityContextPersistenceFilter@59c0e9ea, org.springframework.security.web.header.HeaderWriterFilter@77efc75, org.springframework.security.web.authentication.logout.LogoutFilter@129fc709, org.springframework.security.web.authentication.www.BasicAuthenticationFilter@450710d5, org.springframework.security.web.savedrequest.RequestCacheAwareFilter@6e1104e2, org.springframework.security.web.servletapi.SecurityContextHolderAwareRequestFilter@da61e16, org.springframework.security.web.authentication.AnonymousAuthenticationFilter@687c9f65, org.springframework.security.web.session.SessionManagementFilter@b66afdf, org.springframework.security.web.access.ExceptionTranslationFilter@55b6b73a, org.springframework.security.web.access.intercept.FilterSecurityInterceptor@36a11905]
2021-05-31 23:12:22.215  INFO [vstreem,,] 24284 --- [  restartedMain] o.s.s.web.DefaultSecurityFilterChain     : Will secure org.springframework.security.oauth2.config.annotation.web.configuration.ResourceServerConfiguration$NotOAuthRequestMatcher@637dd8d with [org.springframework.security.web.context.request.async.WebAsyncManagerIntegrationFilter@95dab0a, org.springframework.security.web.context.SecurityContextPersistenceFilter@7350e960, org.springframework.security.web.header.HeaderWriterFilter@5b19b05, org.springframework.web.filter.CorsFilter@9164761, org.springframework.security.web.authentication.logout.LogoutFilter@40149f4e, org.springframework.security.oauth2.provider.authentication.OAuth2AuthenticationProcessingFilter@37fbf295, org.springframework.security.web.savedrequest.RequestCacheAwareFilter@3093229f, org.springframework.security.web.servletapi.SecurityContextHolderAwareRequestFilter@39f3fe3b, org.springframework.security.web.authentication.AnonymousAuthenticationFilter@5775ca0a, org.springframework.security.web.session.SessionManagementFilter@53bbd7ca, org.springframework.security.web.access.ExceptionTranslationFilter@15aad540, org.springframework.security.web.access.intercept.FilterSecurityInterceptor@78f45609]
2021-05-31 23:12:22.301  INFO [vstreem,,] 24284 --- [  restartedMain] o.s.s.web.DefaultSecurityFilterChain     : Will secure any request with [org.springframework.security.web.context.request.async.WebAsyncManagerIntegrationFilter@7c8b39fe, org.springframework.security.web.context.SecurityContextPersistenceFilter@662a70bb, org.springframework.security.web.header.HeaderWriterFilter@7d96fc1f, org.springframework.security.web.csrf.CsrfFilter@14c2a940, org.springframework.security.web.authentication.logout.LogoutFilter@76800ac5, org.springframework.security.web.authentication.UsernamePasswordAuthenticationFilter@1cbd69b2, org.springframework.security.web.authentication.ui.DefaultLoginPageGeneratingFilter@3179b7e, org.springframework.security.web.authentication.ui.DefaultLogoutPageGeneratingFilter@7af96abb, org.springframework.security.web.authentication.www.BasicAuthenticationFilter@f7a4951, org.springframework.security.web.savedrequest.RequestCacheAwareFilter@4b6dc2db, org.springframework.security.web.servletapi.SecurityContextHolderAwareRequestFilter@1d1a9ad, org.springframework.security.web.authentication.AnonymousAuthenticationFilter@25bef782, org.springframework.security.web.session.SessionManagementFilter@22b40e1f, org.springframework.security.web.access.ExceptionTranslationFilter@6309cc61, org.springframework.security.web.access.intercept.FilterSecurityInterceptor@60fb5446]
2021-05-31 23:12:22.472  INFO [vstreem,,] 24284 --- [  restartedMain] pertySourcedRequestMappingHandlerMapping : Mapped URL path [/v2/api-docs] onto method [springfox.documentation.swagger2.web.Swagger2Controller#getDocumentation(String, HttpServletRequest)]
2021-05-31 23:12:22.872  WARN [vstreem,,] 24284 --- [  restartedMain] JpaBaseConfiguration$JpaWebConfiguration : spring.jpa.open-in-view is enabled by default. Therefore, database queries may be performed during view rendering. Explicitly configure spring.jpa.open-in-view to disable this warning
2021-05-31 23:12:23.256 DEBUG [vstreem,,] 24284 --- [  restartedMain] o.s.w.s.v.f.FreeMarkerConfigurer         : File system access not preferred: using SpringTemplateLoader
2021-05-31 23:12:24.071  INFO [vstreem,,] 24284 --- [  restartedMain] o.s.b.w.embedded.tomcat.TomcatWebServer  : Tomcat started on port(s): 8080 (http) with context path ''
2021-05-31 23:12:24.363  INFO [vstreem,,] 24284 --- [  restartedMain] d.s.w.p.DocumentationPluginsBootstrapper : Context refreshed
2021-05-31 23:12:24.393  INFO [vstreem,,] 24284 --- [  restartedMain] d.s.w.p.DocumentationPluginsBootstrapper : Found 1 custom documentation plugin(s)
2021-05-31 23:12:24.470  INFO [vstreem,,] 24284 --- [  restartedMain] s.d.s.w.s.ApiListingReferenceScanner     : Scanning for api listing references
2021-05-31 23:12:25.063  INFO [vstreem,,] 24284 --- [  restartedMain] .d.s.w.r.o.CachingOperationNameGenerator : Generating unique operation named: resetPasswordUsingPOST_1
2021-05-31 23:12:25.104  INFO [vstreem,,] 24284 --- [  restartedMain] .d.s.w.r.o.CachingOperationNameGenerator : Generating unique operation named: addChannelUsingPOST_1
2021-05-31 23:12:25.244  INFO [vstreem,,] 24284 --- [  restartedMain] com.arraigntech.AuthServerApplication    : Started AuthServerApplication in 22.853 seconds (JVM running for 24.456)
2021-05-31 23:12:25.246  INFO [vstreem,,] 24284 --- [  restartedMain] o.s.b.a.ApplicationAvailabilityBean      : Application availability state LivenessState changed to CORRECT
2021-05-31 23:12:25.252  INFO [vstreem,,] 24284 --- [  restartedMain] o.s.b.a.ApplicationAvailabilityBean      : Application availability state ReadinessState changed to ACCEPTING_TRAFFIC
2021-05-31 23:12:25.252  INFO [vstreem,,] 24284 --- [  restartedMain] com.arraigntech.AuthServerApplication    : Application Started
